<?xml version="1.0" encoding="UTF-8"?>
<testng-results skipped="0" failed="3" total="6" passed="3">
  <reporter-output>
  </reporter-output>
  <suite name="Default suite" duration-ms="35784" started-at="2022-08-02T06:09:10Z" finished-at="2022-08-02T06:09:46Z">
    <groups>
    </groups>
    <test name="Default test" duration-ms="35784" started-at="2022-08-02T06:09:10Z" finished-at="2022-08-02T06:09:46Z">
      <class name="dataDrivenTesting.SendMessageTestCase">
        <test-method status="PASS" signature="setup()[pri:0, instance:dataDrivenTesting.SendMessageTestCase@c038203]" name="setup" is-config="true" duration-ms="3445" started-at="2022-08-02T11:39:12Z" finished-at="2022-08-02T11:39:15Z">
          <reporter-output>
          </reporter-output>
        </test-method> <!-- setup -->
        <test-method status="PASS" signature="sendBulkMessage(java.lang.String, java.lang.String, java.lang.String, java.lang.String, java.lang.String)[pri:0, instance:dataDrivenTesting.SendMessageTestCase@c038203]" name="sendBulkMessage" duration-ms="3294" started-at="2022-08-02T11:39:15Z" data-provider="gettestdata" finished-at="2022-08-02T11:39:19Z">
          <params>
            <param index="0">
              <value>
                <![CDATA[Salesforce Training]]>
              </value>
            </param>
            <param index="1">
              <value>
                <![CDATA[Salesforce ]]>
              </value>
            </param>
            <param index="2">
              <value>
                <![CDATA[https://swhizzSalesforce.com]]>
              </value>
            </param>
            <param index="3">
              <value>
                <![CDATA[salesforce batch starts from 01/07/2022]]>
              </value>
            </param>
            <param index="4">
              <value>
                <![CDATA[Pass]]>
              </value>
            </param>
          </params>
          <reporter-output>
          </reporter-output>
        </test-method> <!-- sendBulkMessage -->
        <test-method status="PASS" signature="teardown()[pri:0, instance:dataDrivenTesting.SendMessageTestCase@c038203]" name="teardown" is-config="true" duration-ms="301" started-at="2022-08-02T11:39:19Z" finished-at="2022-08-02T11:39:19Z">
          <reporter-output>
          </reporter-output>
        </test-method> <!-- teardown -->
        <test-method status="PASS" signature="setup()[pri:0, instance:dataDrivenTesting.SendMessageTestCase@c038203]" name="setup" is-config="true" duration-ms="2092" started-at="2022-08-02T11:39:19Z" finished-at="2022-08-02T11:39:21Z">
          <reporter-output>
          </reporter-output>
        </test-method> <!-- setup -->
        <test-method status="FAIL" signature="sendBulkMessage(java.lang.String, java.lang.String, java.lang.String, java.lang.String, java.lang.String)[pri:0, instance:dataDrivenTesting.SendMessageTestCase@c038203]" name="sendBulkMessage" duration-ms="2697" started-at="2022-08-02T11:39:21Z" data-provider="gettestdata" finished-at="2022-08-02T11:39:24Z">
          <params>
            <param index="0">
              <value>
                <![CDATA[DevOps]]>
              </value>
            </param>
            <param index="1">
              <value>
                <![CDATA[DevOps]]>
              </value>
            </param>
            <param index="2">
              <value>
                <![CDATA[https://swhizzdevops.com]]>
              </value>
            </param>
            <param index="3">
              <value>
                <![CDATA[DevOps batch starts from 02/07/2022]]>
              </value>
            </param>
            <param index="4">
              <value>
                <![CDATA[Fail]]>
              </value>
            </param>
          </params>
          <exception class="java.lang.AssertionError">
            <message>
              <![CDATA[expected [true] but found [false]]]>
            </message>
            <full-stacktrace>
              <![CDATA[java.lang.AssertionError: expected [true] but found [false]
	at org.testng.Assert.fail(Assert.java:94)
	at org.testng.Assert.failNotEquals(Assert.java:513)
	at org.testng.Assert.assertTrue(Assert.java:42)
	at org.testng.Assert.assertTrue(Assert.java:52)
	at dataDrivenTesting.SendMessageTestCase.sendBulkMessage(SendMessageTestCase.java:78)
	at sun.reflect.NativeMethodAccessorImpl.invoke0(Native Method)
	at sun.reflect.NativeMethodAccessorImpl.invoke(Unknown Source)
	at sun.reflect.DelegatingMethodAccessorImpl.invoke(Unknown Source)
	at java.lang.reflect.Method.invoke(Unknown Source)
	at org.testng.internal.MethodInvocationHelper.invokeMethod(MethodInvocationHelper.java:100)
	at org.testng.internal.Invoker.invokeMethod(Invoker.java:646)
	at org.testng.internal.Invoker.invokeTestMethod(Invoker.java:811)
	at org.testng.internal.Invoker.invokeTestMethods(Invoker.java:1137)
	at org.testng.internal.TestMethodWorker.invokeTestMethods(TestMethodWorker.java:129)
	at org.testng.internal.TestMethodWorker.run(TestMethodWorker.java:112)
	at org.testng.TestRunner.privateRun(TestRunner.java:753)
	at org.testng.TestRunner.run(TestRunner.java:607)
	at org.testng.SuiteRunner.runTest(SuiteRunner.java:368)
	at org.testng.SuiteRunner.runSequentially(SuiteRunner.java:363)
	at org.testng.SuiteRunner.privateRun(SuiteRunner.java:321)
	at org.testng.SuiteRunner.run(SuiteRunner.java:270)
	at org.testng.SuiteRunnerWorker.runSuite(SuiteRunnerWorker.java:52)
	at org.testng.SuiteRunnerWorker.run(SuiteRunnerWorker.java:86)
	at org.testng.TestNG.runSuitesSequentially(TestNG.java:1284)
	at org.testng.TestNG.runSuitesLocally(TestNG.java:1209)
	at org.testng.TestNG.runSuites(TestNG.java:1124)
	at org.testng.TestNG.run(TestNG.java:1096)
	at org.testng.remote.AbstractRemoteTestNG.run(AbstractRemoteTestNG.java:132)
	at org.testng.remote.RemoteTestNG.initAndRun(RemoteTestNG.java:236)
	at org.testng.remote.RemoteTestNG.main(RemoteTestNG.java:81)
]]>
            </full-stacktrace>
          </exception> <!-- java.lang.AssertionError -->
          <reporter-output>
          </reporter-output>
        </test-method> <!-- sendBulkMessage -->
        <test-method status="PASS" signature="teardown()[pri:0, instance:dataDrivenTesting.SendMessageTestCase@c038203]" name="teardown" is-config="true" duration-ms="248" started-at="2022-08-02T11:39:24Z" finished-at="2022-08-02T11:39:24Z">
          <reporter-output>
          </reporter-output>
        </test-method> <!-- teardown -->
        <test-method status="PASS" signature="setup()[pri:0, instance:dataDrivenTesting.SendMessageTestCase@c038203]" name="setup" is-config="true" duration-ms="2028" started-at="2022-08-02T11:39:24Z" finished-at="2022-08-02T11:39:26Z">
          <reporter-output>
          </reporter-output>
        </test-method> <!-- setup -->
        <test-method status="PASS" signature="sendBulkMessage(java.lang.String, java.lang.String, java.lang.String, java.lang.String, java.lang.String)[pri:0, instance:dataDrivenTesting.SendMessageTestCase@c038203]" name="sendBulkMessage" duration-ms="2529" started-at="2022-08-02T11:39:26Z" data-provider="gettestdata" finished-at="2022-08-02T11:39:29Z">
          <params>
            <param index="0">
              <value>
                <![CDATA[testing]]>
              </value>
            </param>
            <param index="1">
              <value>
                <![CDATA[testing]]>
              </value>
            </param>
            <param index="2">
              <value>
                <![CDATA[https://swhizztesting.com]]>
              </value>
            </param>
            <param index="3">
              <value>
                <![CDATA[Testing batch starts from 20/07/2022]]>
              </value>
            </param>
            <param index="4">
              <value>
                <![CDATA[Pass]]>
              </value>
            </param>
          </params>
          <reporter-output>
          </reporter-output>
        </test-method> <!-- sendBulkMessage -->
        <test-method status="PASS" signature="teardown()[pri:0, instance:dataDrivenTesting.SendMessageTestCase@c038203]" name="teardown" is-config="true" duration-ms="206" started-at="2022-08-02T11:39:29Z" finished-at="2022-08-02T11:39:29Z">
          <reporter-output>
          </reporter-output>
        </test-method> <!-- teardown -->
        <test-method status="PASS" signature="setup()[pri:0, instance:dataDrivenTesting.SendMessageTestCase@c038203]" name="setup" is-config="true" duration-ms="2119" started-at="2022-08-02T11:39:29Z" finished-at="2022-08-02T11:39:31Z">
          <reporter-output>
          </reporter-output>
        </test-method> <!-- setup -->
        <test-method status="FAIL" signature="sendBulkMessage(java.lang.String, java.lang.String, java.lang.String, java.lang.String, java.lang.String)[pri:0, instance:dataDrivenTesting.SendMessageTestCase@c038203]" name="sendBulkMessage" duration-ms="2631" started-at="2022-08-02T11:39:31Z" data-provider="gettestdata" finished-at="2022-08-02T11:39:34Z">
          <params>
            <param index="0">
              <value>
                <![CDATA[java]]>
              </value>
            </param>
            <param index="1">
              <value>
                <![CDATA[java]]>
              </value>
            </param>
            <param index="2">
              <value>
                <![CDATA[https://swhizzjava.com]]>
              </value>
            </param>
            <param index="3">
              <value>
                <![CDATA[JAVA batch starts from 20/07/2022]]>
              </value>
            </param>
            <param index="4">
              <value>
                <![CDATA[Fail]]>
              </value>
            </param>
          </params>
          <exception class="java.lang.AssertionError">
            <message>
              <![CDATA[expected [true] but found [false]]]>
            </message>
            <full-stacktrace>
              <![CDATA[java.lang.AssertionError: expected [true] but found [false]
	at org.testng.Assert.fail(Assert.java:94)
	at org.testng.Assert.failNotEquals(Assert.java:513)
	at org.testng.Assert.assertTrue(Assert.java:42)
	at org.testng.Assert.assertTrue(Assert.java:52)
	at dataDrivenTesting.SendMessageTestCase.sendBulkMessage(SendMessageTestCase.java:78)
	at sun.reflect.NativeMethodAccessorImpl.invoke0(Native Method)
	at sun.reflect.NativeMethodAccessorImpl.invoke(Unknown Source)
	at sun.reflect.DelegatingMethodAccessorImpl.invoke(Unknown Source)
	at java.lang.reflect.Method.invoke(Unknown Source)
	at org.testng.internal.MethodInvocationHelper.invokeMethod(MethodInvocationHelper.java:100)
	at org.testng.internal.Invoker.invokeMethod(Invoker.java:646)
	at org.testng.internal.Invoker.invokeTestMethod(Invoker.java:811)
	at org.testng.internal.Invoker.invokeTestMethods(Invoker.java:1137)
	at org.testng.internal.TestMethodWorker.invokeTestMethods(TestMethodWorker.java:129)
	at org.testng.internal.TestMethodWorker.run(TestMethodWorker.java:112)
	at org.testng.TestRunner.privateRun(TestRunner.java:753)
	at org.testng.TestRunner.run(TestRunner.java:607)
	at org.testng.SuiteRunner.runTest(SuiteRunner.java:368)
	at org.testng.SuiteRunner.runSequentially(SuiteRunner.java:363)
	at org.testng.SuiteRunner.privateRun(SuiteRunner.java:321)
	at org.testng.SuiteRunner.run(SuiteRunner.java:270)
	at org.testng.SuiteRunnerWorker.runSuite(SuiteRunnerWorker.java:52)
	at org.testng.SuiteRunnerWorker.run(SuiteRunnerWorker.java:86)
	at org.testng.TestNG.runSuitesSequentially(TestNG.java:1284)
	at org.testng.TestNG.runSuitesLocally(TestNG.java:1209)
	at org.testng.TestNG.runSuites(TestNG.java:1124)
	at org.testng.TestNG.run(TestNG.java:1096)
	at org.testng.remote.AbstractRemoteTestNG.run(AbstractRemoteTestNG.java:132)
	at org.testng.remote.RemoteTestNG.initAndRun(RemoteTestNG.java:236)
	at org.testng.remote.RemoteTestNG.main(RemoteTestNG.java:81)
]]>
            </full-stacktrace>
          </exception> <!-- java.lang.AssertionError -->
          <reporter-output>
          </reporter-output>
        </test-method> <!-- sendBulkMessage -->
        <test-method status="PASS" signature="teardown()[pri:0, instance:dataDrivenTesting.SendMessageTestCase@c038203]" name="teardown" is-config="true" duration-ms="214" started-at="2022-08-02T11:39:34Z" finished-at="2022-08-02T11:39:34Z">
          <reporter-output>
          </reporter-output>
        </test-method> <!-- teardown -->
        <test-method status="PASS" signature="setup()[pri:0, instance:dataDrivenTesting.SendMessageTestCase@c038203]" name="setup" is-config="true" duration-ms="2030" started-at="2022-08-02T11:39:34Z" finished-at="2022-08-02T11:39:36Z">
          <reporter-output>
          </reporter-output>
        </test-method> <!-- setup -->
        <test-method status="FAIL" signature="sendBulkMessage(java.lang.String, java.lang.String, java.lang.String, java.lang.String, java.lang.String)[pri:0, instance:dataDrivenTesting.SendMessageTestCase@c038203]" name="sendBulkMessage" duration-ms="4056" started-at="2022-08-02T11:39:36Z" data-provider="gettestdata" finished-at="2022-08-02T11:39:40Z">
          <params>
            <param index="0">
              <value>
                <![CDATA[Mule soft]]>
              </value>
            </param>
            <param index="1">
              <value>
                <![CDATA[Mule soft]]>
              </value>
            </param>
            <param index="2">
              <value>
                <![CDATA[https://swhizzmulesoft.com]]>
              </value>
            </param>
            <param index="3">
              <value>
                <![CDATA[mulesoft batch starts from 23/07/2022]]>
              </value>
            </param>
            <param index="4">
              <value>
                <![CDATA[Fail]]>
              </value>
            </param>
          </params>
          <exception class="java.lang.AssertionError">
            <message>
              <![CDATA[expected [true] but found [false]]]>
            </message>
            <full-stacktrace>
              <![CDATA[java.lang.AssertionError: expected [true] but found [false]
	at org.testng.Assert.fail(Assert.java:94)
	at org.testng.Assert.failNotEquals(Assert.java:513)
	at org.testng.Assert.assertTrue(Assert.java:42)
	at org.testng.Assert.assertTrue(Assert.java:52)
	at dataDrivenTesting.SendMessageTestCase.sendBulkMessage(SendMessageTestCase.java:78)
	at sun.reflect.NativeMethodAccessorImpl.invoke0(Native Method)
	at sun.reflect.NativeMethodAccessorImpl.invoke(Unknown Source)
	at sun.reflect.DelegatingMethodAccessorImpl.invoke(Unknown Source)
	at java.lang.reflect.Method.invoke(Unknown Source)
	at org.testng.internal.MethodInvocationHelper.invokeMethod(MethodInvocationHelper.java:100)
	at org.testng.internal.Invoker.invokeMethod(Invoker.java:646)
	at org.testng.internal.Invoker.invokeTestMethod(Invoker.java:811)
	at org.testng.internal.Invoker.invokeTestMethods(Invoker.java:1137)
	at org.testng.internal.TestMethodWorker.invokeTestMethods(TestMethodWorker.java:129)
	at org.testng.internal.TestMethodWorker.run(TestMethodWorker.java:112)
	at org.testng.TestRunner.privateRun(TestRunner.java:753)
	at org.testng.TestRunner.run(TestRunner.java:607)
	at org.testng.SuiteRunner.runTest(SuiteRunner.java:368)
	at org.testng.SuiteRunner.runSequentially(SuiteRunner.java:363)
	at org.testng.SuiteRunner.privateRun(SuiteRunner.java:321)
	at org.testng.SuiteRunner.run(SuiteRunner.java:270)
	at org.testng.SuiteRunnerWorker.runSuite(SuiteRunnerWorker.java:52)
	at org.testng.SuiteRunnerWorker.run(SuiteRunnerWorker.java:86)
	at org.testng.TestNG.runSuitesSequentially(TestNG.java:1284)
	at org.testng.TestNG.runSuitesLocally(TestNG.java:1209)
	at org.testng.TestNG.runSuites(TestNG.java:1124)
	at org.testng.TestNG.run(TestNG.java:1096)
	at org.testng.remote.AbstractRemoteTestNG.run(AbstractRemoteTestNG.java:132)
	at org.testng.remote.RemoteTestNG.initAndRun(RemoteTestNG.java:236)
	at org.testng.remote.RemoteTestNG.main(RemoteTestNG.java:81)
]]>
            </full-stacktrace>
          </exception> <!-- java.lang.AssertionError -->
          <reporter-output>
          </reporter-output>
        </test-method> <!-- sendBulkMessage -->
        <test-method status="PASS" signature="teardown()[pri:0, instance:dataDrivenTesting.SendMessageTestCase@c038203]" name="teardown" is-config="true" duration-ms="233" started-at="2022-08-02T11:39:40Z" finished-at="2022-08-02T11:39:40Z">
          <reporter-output>
          </reporter-output>
        </test-method> <!-- teardown -->
        <test-method status="PASS" signature="setup()[pri:0, instance:dataDrivenTesting.SendMessageTestCase@c038203]" name="setup" is-config="true" duration-ms="2127" started-at="2022-08-02T11:39:40Z" finished-at="2022-08-02T11:39:42Z">
          <reporter-output>
          </reporter-output>
        </test-method> <!-- setup -->
        <test-method status="PASS" signature="sendBulkMessage(java.lang.String, java.lang.String, java.lang.String, java.lang.String, java.lang.String)[pri:0, instance:dataDrivenTesting.SendMessageTestCase@c038203]" name="sendBulkMessage" duration-ms="3611" started-at="2022-08-02T11:39:42Z" data-provider="gettestdata" finished-at="2022-08-02T11:39:46Z">
          <params>
            <param index="0">
              <value>
                <![CDATA[Python]]>
              </value>
            </param>
            <param index="1">
              <value>
                <![CDATA[python]]>
              </value>
            </param>
            <param index="2">
              <value>
                <![CDATA[https://swhizzpython.com]]>
              </value>
            </param>
            <param index="3">
              <value>
                <![CDATA[python batch starts from 23/07/2022]]>
              </value>
            </param>
            <param index="4">
              <value>
                <![CDATA[Pass]]>
              </value>
            </param>
          </params>
          <reporter-output>
          </reporter-output>
        </test-method> <!-- sendBulkMessage -->
        <test-method status="PASS" signature="teardown()[pri:0, instance:dataDrivenTesting.SendMessageTestCase@c038203]" name="teardown" is-config="true" duration-ms="230" started-at="2022-08-02T11:39:46Z" finished-at="2022-08-02T11:39:46Z">
          <reporter-output>
          </reporter-output>
        </test-method> <!-- teardown -->
      </class> <!-- dataDrivenTesting.SendMessageTestCase -->
    </test> <!-- Default test -->
  </suite> <!-- Default suite -->
</testng-results>
